<?xml version="1.0" encoding="UTF-8"?>
<!-- Generated by org.testng.reporters.JUnitXMLReporter -->
<testsuite ignored="2" hostname="DESKTOP-O6I509E" failures="0" tests="2" name="Test" time="0.068" errors="0" timestamp="2023-01-18T10:26:01 IST">
  <testcase classname="PracticeMaven.Update" name="delete" time="0.013"/>
  <testcase classname="PracticeMaven.CreateTest" name="edit" time="0.003"/>
  <testcase classname="PracticeMaven.Update" name="update" time="0.0">
    <ignored/>
  </testcase> <!-- update -->
  <testcase classname="PracticeMaven.CreateTest" name="createTest" time="0.0">
    <ignored/>
  </testcase> <!-- createTest -->
</testsuite> <!-- Test -->
