<?xml version="1.0" encoding="UTF-8"?>
<testng-results ignored="0" total="1" passed="1" failed="0" skipped="0">
  <reporter-output>
  </reporter-output>
  <suite started-at="2023-01-18T12:49:48 IST" name="PracticeMaven.Login" finished-at="2023-01-18T12:49:48 IST" duration-ms="46">
    <groups>
    </groups>
    <test started-at="2023-01-18T12:49:48 IST" name="Command line test" finished-at="2023-01-18T12:49:48 IST" duration-ms="46">
      <class name="PracticeMaven.Login">
        <test-method signature="loginApp()[pri:0, instance:PracticeMaven.Login@6e2c9341]" started-at="2023-01-18T12:49:48 IST" name="loginApp" finished-at="2023-01-18T12:49:48 IST" duration-ms="6" status="PASS">
          <reporter-output>
          </reporter-output>
        </test-method> <!-- loginApp -->
      </class> <!-- PracticeMaven.Login -->
    </test> <!-- Command line test -->
  </suite> <!-- PracticeMaven.Login -->
</testng-results>
