<?xml version="1.0" encoding="UTF-8"?>
<testng-results ignored="0" total="1" passed="1" failed="0" skipped="0">
  <reporter-output>
  </reporter-output>
  <suite started-at="2023-01-18T12:44:54 IST" name="Default suite" finished-at="2023-01-18T12:44:54 IST" duration-ms="58">
    <groups>
    </groups>
    <test started-at="2023-01-18T12:44:54 IST" name="Default test" finished-at="2023-01-18T12:44:54 IST" duration-ms="58">
      <class name="PracticeMaven.Login">
        <test-method signature="loginApp()[pri:0, instance:PracticeMaven.Login@470f1802]" started-at="2023-01-18T12:44:54 IST" name="loginApp" finished-at="2023-01-18T12:44:54 IST" duration-ms="15" status="PASS">
          <reporter-output>
          </reporter-output>
        </test-method> <!-- loginApp -->
      </class> <!-- PracticeMaven.Login -->
    </test> <!-- Default test -->
  </suite> <!-- Default suite -->
</testng-results>
